
> dev
> vite dev --port 3000

ℹ Using vercel-dev emulation in development mode.
[90m[env-runner][39m [33mVERCEL_OIDC_TOKEN[39m is not set. Run [36mvercel env pull[39m to pull the latest environment variables.
12:28:17 AM [vite] (client) Re-optimizing dependencies because lockfile has changed

  VITE v8.0.16  ready in 1113 ms

  ➜  Local:   http://localhost:3000/
  ➜  Network: use --host to expose
12:38:26 AM [vite] vite.config.ts changed, restarting server...
12:38:26 AM [vite] (client) Re-optimizing dependencies because vite config has changed
12:38:26 AM [vite] server restarted.
12:38:53 AM [vite] vite.config.ts changed, restarting server...
failed to load config from /Users/ayush/Downloads/OPStore/vite.config.ts
12:38:53 AM [vite] Build failed with 1 error:

[31m[PARSE_ERROR] [0mIdentifier `nitro` has already been declared
    [38;5;246m╭[0m[38;5;246m─[0m[38;5;246m[[0m vite.config.ts:5:10 [38;5;246m][0m
    [38;5;246m│[0m
 [38;5;246m 5 │[0m [38;5;249mi[0m[38;5;249mm[0m[38;5;249mp[0m[38;5;249mo[0m[38;5;249mr[0m[38;5;249mt[0m[38;5;249m [0m[38;5;249m{[0m[38;5;249m [0mnitro[38;5;249m [0m[38;5;249m}[0m[38;5;249m [0m[38;5;249mf[0m[38;5;249mr[0m[38;5;249mo[0m[38;5;249mm[0m[38;5;249m [0m[38;5;249m'[0m[38;5;249mn[0m[38;5;249mi[0m[38;5;249mt[0m[38;5;249mr[0m[38;5;249mo[0m[38;5;249m/[0m[38;5;249mv[0m[38;5;249mi[0m[38;5;249mt[0m[38;5;249me[0m[38;5;249m'[0m
 [38;5;240m   │[0m          ──┬──  
 [38;5;240m   │[0m            ╰──── `nitro` has already been declared here
 [38;5;240m   │[0m 
 [38;5;246m10 │[0m [38;5;249mi[0m[38;5;249mm[0m[38;5;249mp[0m[38;5;249mo[0m[38;5;249mr[0m[38;5;249mt[0m[38;5;249m [0m[38;5;249m{[0m[38;5;249m [0mnitro[38;5;249m [0m[38;5;249m}[0m[38;5;249m [0m[38;5;249mf[0m[38;5;249mr[0m[38;5;249mo[0m[38;5;249mm[0m[38;5;249m [0m[38;5;249m'[0m[38;5;249mn[0m[38;5;249mi[0m[38;5;249mt[0m[38;5;249mr[0m[38;5;249mo[0m[38;5;249m/[0m[38;5;249mv[0m[38;5;249mi[0m[38;5;249mt[0m[38;5;249me[0m[38;5;249m'[0m
 [38;5;240m   │[0m          ──┬──  
 [38;5;240m   │[0m            ╰──── It can not be redeclared here
[38;5;246m────╯[0m

12:38:53 AM [vite] server restart failed
12:42:22 AM [vite] vite.config.ts changed, restarting server...
12:42:22 AM [vite] (client) Re-optimizing dependencies because vite config has changed
12:42:23 AM [vite] server restarted.
